nohup: ignoring input
2026/05/12 02:55:47 Database connected and migrated
[GIN-debug] [WARNING] Creating an Engine instance with the Logger and Recovery middleware already attached.

[GIN-debug] [WARNING] Running in "debug" mode. Switch to "release" mode in production.
 - using env:	export GIN_MODE=release
 - using code:	gin.SetMode(gin.ReleaseMode)

[GIN-debug] GET    /health                   --> main.main.func1 (3 handlers)
[GIN-debug] POST   /faculty/complaint/report --> github.com/ayush00git/cms-web/controllers.FacultyReportComplaint (3 handlers)
[GIN-debug] POST   /warden/complaint/report  --> github.com/ayush00git/cms-web/controllers.WardenReportComplaint (3 handlers)
[GIN-debug] POST   /centrehead/complaint/report --> github.com/ayush00git/cms-web/controllers.CentreHeadReportComplaint (3 handlers)
[GIN-debug] POST   /admin/xen/complaint/status --> github.com/ayush00git/cms-web/controllers.XENUpdateStatus (3 handlers)
[GIN-debug] POST   /admin/ae/complaint/status --> github.com/ayush00git/cms-web/controllers.AEUpdateStatus (3 handlers)
[GIN-debug] POST   /admin/je/complaint/status --> github.com/ayush00git/cms-web/controllers.JEUpdateStatus (3 handlers)
[GIN-debug] GET    /complaints/public        --> github.com/ayush00git/cms-web/controllers.GetPublicDashboard (3 handlers)
[GIN-debug] [WARNING] You trusted all proxies, this is NOT safe. We recommend you to set a value.
Please check https://github.com/gin-gonic/gin/blob/master/docs/doc.md#dont-trust-all-proxies for details.
[GIN-debug] Listening and serving HTTP on :8080
======================================
MOCK EMAIL DISPATCH
To:      xen_civil@nit.edu
Subject: New Faculty Complaint
Body:    A new Civil complaint was reported: Leaking pipe
======================================
[GIN] 2026/05/12 - 02:55:58 | 200 |  36.69ms |             ::1 | POST     "/faculty/complaint/report"
======================================
MOCK EMAIL DISPATCH
To:      ae_civil@nit.edu
Subject: Complaint Forwarded to AE
Body:    A complaint has been forwarded to you for action.
======================================
[GIN] 2026/05/12 - 02:56:08 | 200 |  73.26ms |             ::1 | POST     "/admin/xen/complaint/status"
======================================
MOCK EMAIL DISPATCH
To:      je@nit.edu
Subject: Complaint Assigned to JE
Body:    A new complaint has been assigned to you by AE.
======================================
[GIN] 2026/05/12 - 02:56:26 | 200 |  37.73ms |             ::1 | POST     "/admin/ae/complaint/status"
======================================
MOCK EMAIL DISPATCH
To:      filer@nit.edu
Subject: Complaint Resolved
Body:    Your complaint has been successfully resolved.
======================================
[GIN] 2026/05/12 - 02:56:36 | 200 |  38.08ms |             ::1 | POST     "/admin/je/complaint/status"
[GIN] 2026/05/12 - 02:56:46 | 200 |   2.69ms |             ::1 | GET      "/complaints/public"
======================================
MOCK EMAIL DISPATCH
To:      xen_electrical@nit.edu
Subject: New Centre Head Complaint
Body:    A new Electrical complaint was reported by Centre Head: Power outage
======================================
[GIN] 2026/05/12 - 02:56:53 | 200 |  31.86ms |             ::1 | POST     "/centrehead/complaint/report"
